<?xml version="1.0" encoding="UTF-8"?>
<!-- Generated by org.testng.reporters.JUnitReportReporter -->
<testsuite skipped="0" hostname="BLRL42468" name="com.trishana.griddemo.GridTest" tests="2" failures="0" timestamp="29 Jun 2019 02:32:42 GMT" time="29.311" errors="0">
  <testcase name="wikiTest" time="21.473" classname="com.trishana.griddemo.GridTest"/>
  <testcase name="googleTest" time="7.838" classname="com.trishana.griddemo.GridTest"/>
</testsuite> <!-- com.trishana.griddemo.GridTest -->
