<?xml version="1.0" encoding="UTF-8"?>
<!-- Generated by org.testng.reporters.JUnitReportReporter -->
<testsuite skipped="0" hostname="BLRL42468" name="com.trishana.gridtests.GoogleTest" tests="2" failures="0" timestamp="29 Jun 2019 02:50:59 GMT" time="22.097" errors="0">
  <testcase name="googleTest" time="20.393" classname="com.trishana.gridtests.GoogleTest"/>
  <testcase name="googleTest" time="1.704" classname="com.trishana.gridtests.GoogleTest"/>
</testsuite> <!-- com.trishana.gridtests.GoogleTest -->
