<?xml version="1.0" encoding="UTF-8"?>
<!-- Generated by org.testng.reporters.JUnitReportReporter -->
<testsuite skipped="0" hostname="BLRL42468" name="com.trishana.gridtests.WikiTest" tests="2" failures="0" timestamp="29 Jun 2019 02:50:59 GMT" time="20.511" errors="0">
  <testcase name="wikiTest" time="19.626" classname="com.trishana.gridtests.WikiTest"/>
  <testcase name="wikiTest" time="0.885" classname="com.trishana.gridtests.WikiTest"/>
</testsuite> <!-- com.trishana.gridtests.WikiTest -->
