<?xml version="1.0" encoding="UTF-8"?>
<!-- Generated by org.testng.reporters.JUnitReportReporter -->
<testsuite skipped="0" hostname="BLRL42468" name="com.trishana.griddemo.GoogleTest" tests="2" failures="0" timestamp="28 Jun 2019 07:07:01 GMT" time="15.102" errors="0">
  <testcase name="googleTest" time="9.351" classname="com.trishana.griddemo.GoogleTest"/>
  <testcase name="wikiTest" time="5.751" classname="com.trishana.griddemo.GoogleTest"/>
</testsuite> <!-- com.trishana.griddemo.GoogleTest -->
